Arguments: 
  C:\Program Files\nodejs\node.exe C:\Program Files (x86)\Yarn\bin\yarn.js add webpack webpack-cli webpack-dev-server webpack-merge -S-D

PATH: 
  C:\ProgramData\Oracle\Java\javapath;C:\Windows\system32;C:\Windows;C:\Windows\System32\Wbem;C:\Windows\System32\WindowsPowerShell\v1.0\;C:\Windows\System32\OpenSSH\;C:\Program Files\Git\cmd;C:\Program Files (x86)\Yarn\bin\;D:\tools\instantclient_12_2;C:\Program Files\Java\jdk1.8.0_91\bin;C:\Program Files\Java\jdk1.8.0_91\jre\bin;"%PATH%;C:\dmdbms\bin";C:\Users\HGY\AppData\Roaming\nvm;C:\Program Files\nodejs;C:\oracle\bin;C:\msys64\mingw64\bin;C:\Users\HGY\AppData\Local\Microsoft\WindowsApps;C:\Users\HGY\AppData\Roaming\npm;C:\Users\HGY\AppData\Local\Programs\Microsoft VS Code\bin;C:\Users\HGY\AppData\Local\Yarn\bin;C:\Users\HGY\AppData\Roaming\nvm;C:\Program Files\nodejs

Yarn version: 
  1.19.1

Node version: 
  14.17.0

Platform: 
  win32 x64

Trace: 
  Error: https://registry.npm.taobao.org/-D: Not found
      at Request.params.callback [as _callback] (C:\Program Files (x86)\Yarn\lib\cli.js:66035:18)
      at Request.self.callback (C:\Program Files (x86)\Yarn\lib\cli.js:140564:22)
      at Request.emit (events.js:376:20)
      at Request.<anonymous> (C:\Program Files (x86)\Yarn\lib\cli.js:141536:10)
      at Request.emit (events.js:376:20)
      at IncomingMessage.<anonymous> (C:\Program Files (x86)\Yarn\lib\cli.js:141458:12)
      at Object.onceWrapper (events.js:482:28)
      at IncomingMessage.emit (events.js:388:22)
      at endReadableNT (internal/streams/readable.js:1336:12)
      at processTicksAndRejections (internal/process/task_queues.js:82:21)

npm manifest: 
  {
    "name": "webpack",
    "version": "1.0.0",
    "main": "index.js",
    "license": "MIT"
  }

yarn manifest: 
  No manifest

Lockfile: 
  # THIS IS AN AUTOGENERATED FILE. DO NOT EDIT THIS FILE DIRECTLY.
  # yarn lockfile v1
